Analysis & Synthesis report for controlador_termico
Thu Dec 04 17:14:53 2025
Quartus II 32-bit Version 13.0.1 Build 232 06/12/2013 Service Pack 1 SJ Web Edition


---------------------
; Table of Contents ;
---------------------
  1. Legal Notice
  2. Analysis & Synthesis Summary
  3. Analysis & Synthesis Settings
  4. Parallel Compilation
  5. Analysis & Synthesis Source Files Read
  6. Analysis & Synthesis Resource Usage Summary
  7. Analysis & Synthesis Resource Utilization by Entity
  8. State Machine - |controlador_termico|controller:U_CONTROLLER|present_state
  9. User-Specified and Inferred Latches
 10. Registers Removed During Synthesis
 11. General Register Statistics
 12. Multiplexer Restructuring Statistics (Restructuring Performed)
 13. Parameter Settings for User Entity Instance: datapath:U_DATAPATH|adder:U_ADD
 14. Parameter Settings for User Entity Instance: datapath:U_DATAPATH|subtractor:U_SUB1
 15. Parameter Settings for User Entity Instance: datapath:U_DATAPATH|subtractor:U_SUB2
 16. Parameter Settings for User Entity Instance: datapath:U_DATAPATH|subtractor:U_SUB_FIN
 17. Parameter Settings for User Entity Instance: datapath:U_DATAPATH|subtractor:U_SUB_NEG
 18. Parameter Settings for User Entity Instance: datapath:U_DATAPATH|shifter:U_FINAL_SHIFT
 19. Port Connectivity Checks: "datapath:U_DATAPATH|decodificador_7seg:U_HEX1"
 20. Port Connectivity Checks: "datapath:U_DATAPATH|shifter:U_FINAL_SHIFT"
 21. Port Connectivity Checks: "datapath:U_DATAPATH|subtractor:U_SUB_NEG"
 22. Port Connectivity Checks: "datapath:U_DATAPATH|subtractor:U_SUB2"
 23. Port Connectivity Checks: "datapath:U_DATAPATH|subtractor:U_SUB1"
 24. Port Connectivity Checks: "datapath:U_DATAPATH|adder:U_ADD"
 25. Elapsed Time Per Partition
 26. Analysis & Synthesis Messages



----------------
; Legal Notice ;
----------------
Copyright (C) 1991-2013 Altera Corporation
Your use of Altera Corporation's design tools, logic functions 
and other software and tools, and its AMPP partner logic 
functions, and any output files from any of the foregoing 
(including device programming or simulation files), and any 
associated documentation or information are expressly subject 
to the terms and conditions of the Altera Program License 
Subscription Agreement, Altera MegaCore Function License 
Agreement, or other applicable license agreement, including, 
without limitation, that your use is for the sole purpose of 
programming logic devices manufactured by Altera and sold by 
Altera or its authorized distributors.  Please refer to the 
applicable agreement for further details.



+--------------------------------------------------------------------------------------+
; Analysis & Synthesis Summary                                                         ;
+------------------------------------+-------------------------------------------------+
; Analysis & Synthesis Status        ; Successful - Thu Dec 04 17:14:53 2025           ;
; Quartus II 32-bit Version          ; 13.0.1 Build 232 06/12/2013 SP 1 SJ Web Edition ;
; Revision Name                      ; controlador_termico                             ;
; Top-level Entity Name              ; controlador_termico                             ;
; Family                             ; Cyclone II                                      ;
; Total logic elements               ; 129                                             ;
;     Total combinational functions  ; 100                                             ;
;     Dedicated logic registers      ; 45                                              ;
; Total registers                    ; 45                                              ;
; Total pins                         ; 44                                              ;
; Total virtual pins                 ; 0                                               ;
; Total memory bits                  ; 0                                               ;
; Embedded Multiplier 9-bit elements ; 0                                               ;
; Total PLLs                         ; 0                                               ;
+------------------------------------+-------------------------------------------------+


+------------------------------------------------------------------------------------------------------------------------+
; Analysis & Synthesis Settings                                                                                          ;
+----------------------------------------------------------------------------+---------------------+---------------------+
; Option                                                                     ; Setting             ; Default Value       ;
+----------------------------------------------------------------------------+---------------------+---------------------+
; Device                                                                     ; EP2C35F672C6        ;                     ;
; Top-level entity name                                                      ; controlador_termico ; controlador_termico ;
; Family name                                                                ; Cyclone II          ; Cyclone IV GX       ;
; Use smart compilation                                                      ; Off                 ; Off                 ;
; Enable parallel Assembler and TimeQuest Timing Analyzer during compilation ; On                  ; On                  ;
; Enable compact report table                                                ; Off                 ; Off                 ;
; Restructure Multiplexers                                                   ; Auto                ; Auto                ;
; Create Debugging Nodes for IP Cores                                        ; Off                 ; Off                 ;
; Preserve fewer node names                                                  ; On                  ; On                  ;
; Disable OpenCore Plus hardware evaluation                                  ; Off                 ; Off                 ;
; Verilog Version                                                            ; Verilog_2001        ; Verilog_2001        ;
; VHDL Version                                                               ; VHDL_1993           ; VHDL_1993           ;
; State Machine Processing                                                   ; Auto                ; Auto                ;
; Safe State Machine                                                         ; Off                 ; Off                 ;
; Extract Verilog State Machines                                             ; On                  ; On                  ;
; Extract VHDL State Machines                                                ; On                  ; On                  ;
; Ignore Verilog initial constructs                                          ; Off                 ; Off                 ;
; Iteration limit for constant Verilog loops                                 ; 5000                ; 5000                ;
; Iteration limit for non-constant Verilog loops                             ; 250                 ; 250                 ;
; Add Pass-Through Logic to Inferred RAMs                                    ; On                  ; On                  ;
; Infer RAMs from Raw Logic                                                  ; On                  ; On                  ;
; Parallel Synthesis                                                         ; On                  ; On                  ;
; DSP Block Balancing                                                        ; Auto                ; Auto                ;
; NOT Gate Push-Back                                                         ; On                  ; On                  ;
; Power-Up Don't Care                                                        ; On                  ; On                  ;
; Remove Redundant Logic Cells                                               ; Off                 ; Off                 ;
; Remove Duplicate Registers                                                 ; On                  ; On                  ;
; Ignore CARRY Buffers                                                       ; Off                 ; Off                 ;
; Ignore CASCADE Buffers                                                     ; Off                 ; Off                 ;
; Ignore GLOBAL Buffers                                                      ; Off                 ; Off                 ;
; Ignore ROW GLOBAL Buffers                                                  ; Off                 ; Off                 ;
; Ignore LCELL Buffers                                                       ; Off                 ; Off                 ;
; Ignore SOFT Buffers                                                        ; On                  ; On                  ;
; Limit AHDL Integers to 32 Bits                                             ; Off                 ; Off                 ;
; Optimization Technique                                                     ; Balanced            ; Balanced            ;
; Carry Chain Length                                                         ; 70                  ; 70                  ;
; Auto Carry Chains                                                          ; On                  ; On                  ;
; Auto Open-Drain Pins                                                       ; On                  ; On                  ;
; Perform WYSIWYG Primitive Resynthesis                                      ; Off                 ; Off                 ;
; Auto ROM Replacement                                                       ; On                  ; On                  ;
; Auto RAM Replacement                                                       ; On                  ; On                  ;
; Auto Shift Register Replacement                                            ; Auto                ; Auto                ;
; Allow Shift Register Merging across Hierarchies                            ; Auto                ; Auto                ;
; Auto Clock Enable Replacement                                              ; On                  ; On                  ;
; Strict RAM Replacement                                                     ; Off                 ; Off                 ;
; Allow Synchronous Control Signals                                          ; On                  ; On                  ;
; Force Use of Synchronous Clear Signals                                     ; Off                 ; Off                 ;
; Auto RAM to Logic Cell Conversion                                          ; Off                 ; Off                 ;
; Auto Resource Sharing                                                      ; Off                 ; Off                 ;
; Allow Any RAM Size For Recognition                                         ; Off                 ; Off                 ;
; Allow Any ROM Size For Recognition                                         ; Off                 ; Off                 ;
; Allow Any Shift Register Size For Recognition                              ; Off                 ; Off                 ;
; Use LogicLock Constraints during Resource Balancing                        ; On                  ; On                  ;
; Ignore translate_off and synthesis_off directives                          ; Off                 ; Off                 ;
; Timing-Driven Synthesis                                                    ; Off                 ; Off                 ;
; Report Parameter Settings                                                  ; On                  ; On                  ;
; Report Source Assignments                                                  ; On                  ; On                  ;
; Report Connectivity Checks                                                 ; On                  ; On                  ;
; Ignore Maximum Fan-Out Assignments                                         ; Off                 ; Off                 ;
; Synchronization Register Chain Length                                      ; 2                   ; 2                   ;
; PowerPlay Power Optimization                                               ; Normal compilation  ; Normal compilation  ;
; HDL message level                                                          ; Level2              ; Level2              ;
; Suppress Register Optimization Related Messages                            ; Off                 ; Off                 ;
; Number of Removed Registers Reported in Synthesis Report                   ; 5000                ; 5000                ;
; Number of Swept Nodes Reported in Synthesis Report                         ; 5000                ; 5000                ;
; Number of Inverted Registers Reported in Synthesis Report                  ; 100                 ; 100                 ;
; Clock MUX Protection                                                       ; On                  ; On                  ;
; Auto Gated Clock Conversion                                                ; Off                 ; Off                 ;
; Block Design Naming                                                        ; Auto                ; Auto                ;
; SDC constraint protection                                                  ; Off                 ; Off                 ;
; Synthesis Effort                                                           ; Auto                ; Auto                ;
; Shift Register Replacement - Allow Asynchronous Clear Signal               ; On                  ; On                  ;
; Pre-Mapping Resynthesis Optimization                                       ; Off                 ; Off                 ;
; Analysis & Synthesis Message Level                                         ; Medium              ; Medium              ;
; Disable Register Merging Across Hierarchies                                ; Auto                ; Auto                ;
; Resource Aware Inference For Block RAM                                     ; On                  ; On                  ;
; Synthesis Seed                                                             ; 1                   ; 1                   ;
+----------------------------------------------------------------------------+---------------------+---------------------+


Parallel compilation was disabled, but you have multiple processors available. Enable parallel compilation to reduce compilation time.
+-------------------------------------+
; Parallel Compilation                ;
+----------------------------+--------+
; Processors                 ; Number ;
+----------------------------+--------+
; Number detected on machine ; 4      ;
; Maximum allowed            ; 1      ;
+----------------------------+--------+


+--------------------------------------------------------------------------------------------------------------------+
; Analysis & Synthesis Source Files Read                                                                             ;
+----------------------------------+-----------------+-----------------+-----------------------------------+---------+
; File Name with User-Entered Path ; Used in Netlist ; File Type       ; File Name with Absolute Path      ; Library ;
+----------------------------------+-----------------+-----------------+-----------------------------------+---------+
; design.vhd                       ; yes             ; User VHDL File  ; E:/jmcp-asfa/design.vhd           ;         ;
; comparadorH.vhd                  ; yes             ; User VHDL File  ; E:/jmcp-asfa/comparadorH.vhd      ;         ;
; comparadorC.vhd                  ; yes             ; User VHDL File  ; E:/jmcp-asfa/comparadorC.vhd      ;         ;
; registrador.vhd                  ; yes             ; User VHDL File  ; E:/jmcp-asfa/registrador.vhd      ;         ;
; somador.vhd                      ; yes             ; User VHDL File  ; E:/jmcp-asfa/somador.vhd          ;         ;
; shifter2.vhd                     ; yes             ; User VHDL File  ; E:/jmcp-asfa/shifter2.vhd         ;         ;
; subtrator.vhd                    ; yes             ; User VHDL File  ; E:/jmcp-asfa/subtrator.vhd        ;         ;
; comparadorAlerta.vhd             ; yes             ; User VHDL File  ; E:/jmcp-asfa/comparadorAlerta.vhd ;         ;
; decoder.vhd                      ; yes             ; User VHDL File  ; E:/jmcp-asfa/decoder.vhd          ;         ;
; clock.vhd                        ; yes             ; User VHDL File  ; E:/jmcp-asfa/clock.vhd            ;         ;
; fsm.vhd                          ; yes             ; User VHDL File  ; E:/jmcp-asfa/fsm.vhd              ;         ;
; datapath.vhd                     ; yes             ; User VHDL File  ; E:/jmcp-asfa/datapath.vhd         ;         ;
; stb-powch.vhd                    ; yes             ; User VHDL File  ; E:/jmcp-asfa/stb-powch.vhd        ;         ;
+----------------------------------+-----------------+-----------------+-----------------------------------+---------+


+-----------------------------------------------------+
; Analysis & Synthesis Resource Usage Summary         ;
+---------------------------------------------+-------+
; Resource                                    ; Usage ;
+---------------------------------------------+-------+
; Estimated Total logic elements              ; 129   ;
;                                             ;       ;
; Total combinational functions               ; 100   ;
; Logic element usage by number of LUT inputs ;       ;
;     -- 4 input functions                    ; 16    ;
;     -- 3 input functions                    ; 63    ;
;     -- <=2 input functions                  ; 21    ;
;                                             ;       ;
; Logic elements by mode                      ;       ;
;     -- normal mode                          ; 50    ;
;     -- arithmetic mode                      ; 50    ;
;                                             ;       ;
; Total registers                             ; 45    ;
;     -- Dedicated logic registers            ; 45    ;
;     -- I/O registers                        ; 0     ;
;                                             ;       ;
; I/O pins                                    ; 44    ;
; Embedded Multiplier 9-bit elements          ; 0     ;
; Maximum fan-out node                        ; rst   ;
; Maximum fan-out                             ; 45    ;
; Total fan-out                               ; 495   ;
; Average fan-out                             ; 2.62  ;
+---------------------------------------------+-------+


+-----------------------------------------------------------------------------------------------------------------------------------------------------------------------------------------------------------------------------------+
; Analysis & Synthesis Resource Utilization by Entity                                                                                                                                                                               ;
+-----------------------------------+-------------------+--------------+-------------+--------------+---------+-----------+------+--------------+--------------------------------------------------------------------+--------------+
; Compilation Hierarchy Node        ; LC Combinationals ; LC Registers ; Memory Bits ; DSP Elements ; DSP 9x9 ; DSP 18x18 ; Pins ; Virtual Pins ; Full Hierarchy Name                                                ; Library Name ;
+-----------------------------------+-------------------+--------------+-------------+--------------+---------+-----------+------+--------------+--------------------------------------------------------------------+--------------+
; |controlador_termico              ; 100 (1)           ; 45 (0)       ; 0           ; 0            ; 0       ; 0         ; 44   ; 0            ; |controlador_termico                                               ; work         ;
;    |clock_divider:U_CLK_DIV|      ; 4 (4)             ; 4 (4)        ; 0           ; 0            ; 0       ; 0         ; 0    ; 0            ; |controlador_termico|clock_divider:U_CLK_DIV                       ; work         ;
;    |controller:U_CONTROLLER|      ; 21 (21)           ; 6 (6)        ; 0           ; 0            ; 0       ; 0         ; 0    ; 0            ; |controlador_termico|controller:U_CONTROLLER                       ; work         ;
;    |datapath:U_DATAPATH|          ; 74 (0)            ; 35 (0)       ; 0           ; 0            ; 0       ; 0         ; 0    ; 0            ; |controlador_termico|datapath:U_DATAPATH                           ; work         ;
;       |adder:U_ADD|               ; 8 (8)             ; 0 (0)        ; 0           ; 0            ; 0       ; 0         ; 0    ; 0            ; |controlador_termico|datapath:U_DATAPATH|adder:U_ADD               ; work         ;
;       |comparadorAlerta:U_ALERT|  ; 2 (2)             ; 0 (0)        ; 0           ; 0            ; 0       ; 0         ; 0    ; 0            ; |controlador_termico|datapath:U_DATAPATH|comparadorAlerta:U_ALERT  ; work         ;
;       |comparadorC_7bits:COMP_C|  ; 7 (7)             ; 0 (0)        ; 0           ; 0            ; 0       ; 0         ; 0    ; 0            ; |controlador_termico|datapath:U_DATAPATH|comparadorC_7bits:COMP_C  ; work         ;
;       |comparadorH_7bits:COMP_H|  ; 7 (7)             ; 0 (0)        ; 0           ; 0            ; 0       ; 0         ; 0    ; 0            ; |controlador_termico|datapath:U_DATAPATH|comparadorH_7bits:COMP_H  ; work         ;
;       |decodificador_7seg:U_HEX0| ; 7 (7)             ; 0 (0)        ; 0           ; 0            ; 0       ; 0         ; 0    ; 0            ; |controlador_termico|datapath:U_DATAPATH|decodificador_7seg:U_HEX0 ; work         ;
;       |decodificador_7seg:U_HEX1| ; 8 (8)             ; 0 (0)        ; 0           ; 0            ; 0       ; 0         ; 0    ; 0            ; |controlador_termico|datapath:U_DATAPATH|decodificador_7seg:U_HEX1 ; work         ;
;       |registrador:R_EXT|         ; 0 (0)             ; 7 (7)        ; 0           ; 0            ; 0       ; 0         ; 0    ; 0            ; |controlador_termico|datapath:U_DATAPATH|registrador:R_EXT         ; work         ;
;       |registrador:R_INT|         ; 0 (0)             ; 7 (7)        ; 0           ; 0            ; 0       ; 0         ; 0    ; 0            ; |controlador_termico|datapath:U_DATAPATH|registrador:R_INT         ; work         ;
;       |registrador:R_MAX|         ; 0 (0)             ; 7 (7)        ; 0           ; 0            ; 0       ; 0         ; 0    ; 0            ; |controlador_termico|datapath:U_DATAPATH|registrador:R_MAX         ; work         ;
;       |registrador:R_MIN|         ; 0 (0)             ; 7 (7)        ; 0           ; 0            ; 0       ; 0         ; 0    ; 0            ; |controlador_termico|datapath:U_DATAPATH|registrador:R_MIN         ; work         ;
;       |registrador:U_REG_FINAL|   ; 8 (8)             ; 7 (7)        ; 0           ; 0            ; 0       ; 0         ; 0    ; 0            ; |controlador_termico|datapath:U_DATAPATH|registrador:U_REG_FINAL   ; work         ;
;       |subtractor:U_SUB1|         ; 9 (9)             ; 0 (0)        ; 0           ; 0            ; 0       ; 0         ; 0    ; 0            ; |controlador_termico|datapath:U_DATAPATH|subtractor:U_SUB1         ; work         ;
;       |subtractor:U_SUB2|         ; 9 (9)             ; 0 (0)        ; 0           ; 0            ; 0       ; 0         ; 0    ; 0            ; |controlador_termico|datapath:U_DATAPATH|subtractor:U_SUB2         ; work         ;
;       |subtractor:U_SUB_FIN|      ; 9 (9)             ; 0 (0)        ; 0           ; 0            ; 0       ; 0         ; 0    ; 0            ; |controlador_termico|datapath:U_DATAPATH|subtractor:U_SUB_FIN      ; work         ;
+-----------------------------------+-------------------+--------------+-------------+--------------+---------+-----------+------+--------------+--------------------------------------------------------------------+--------------+
Note: For table entries with two numbers listed, the numbers in parentheses indicate the number of resources of the given type used by the specific entity alone. The numbers listed outside of parentheses indicate the total resources of the given type used by the specific entity and all of its sub-entities in the hierarchy.


Encoding Type:  One-Hot
+--------------------------------------------------------------------------------------------------------------------------------------------------------------------------------------------------------------+
; State Machine - |controlador_termico|controller:U_CONTROLLER|present_state                                                                                                                                   ;
+--------------------------+-------------------------+--------------------------+--------------------------+-----------------------+--------------------------+-----------------------+------------------------+
; Name                     ; present_state.st_STABLE ; present_state.st_HEATING ; present_state.st_COOLING ; present_state.st_CALC ; present_state.st_RINTEXT ; present_state.st_LOAD ; present_state.st_RESET ;
+--------------------------+-------------------------+--------------------------+--------------------------+-----------------------+--------------------------+-----------------------+------------------------+
; present_state.st_RESET   ; 0                       ; 0                        ; 0                        ; 0                     ; 0                        ; 0                     ; 0                      ;
; present_state.st_LOAD    ; 0                       ; 0                        ; 0                        ; 0                     ; 0                        ; 1                     ; 1                      ;
; present_state.st_RINTEXT ; 0                       ; 0                        ; 0                        ; 0                     ; 1                        ; 0                     ; 1                      ;
; present_state.st_CALC    ; 0                       ; 0                        ; 0                        ; 1                     ; 0                        ; 0                     ; 1                      ;
; present_state.st_COOLING ; 0                       ; 0                        ; 1                        ; 0                     ; 0                        ; 0                     ; 1                      ;
; present_state.st_HEATING ; 0                       ; 1                        ; 0                        ; 0                     ; 0                        ; 0                     ; 1                      ;
; present_state.st_STABLE  ; 1                       ; 0                        ; 0                        ; 0                     ; 0                        ; 0                     ; 1                      ;
+--------------------------+-------------------------+--------------------------+--------------------------+-----------------------+--------------------------+-----------------------+------------------------+


+---------------------------------------------------------------------------------------------------------------+
; User-Specified and Inferred Latches                                                                           ;
+----------------------------------------------------+---------------------------------+------------------------+
; Latch Name                                         ; Latch Enable Signal             ; Free of Timing Hazards ;
+----------------------------------------------------+---------------------------------+------------------------+
; controller:U_CONTROLLER|heat_out                   ; controller:U_CONTROLLER|WideOr8 ; yes                    ;
; controller:U_CONTROLLER|cool_out                   ; controller:U_CONTROLLER|WideOr8 ; yes                    ;
; controller:U_CONTROLLER|stable_out                 ; controller:U_CONTROLLER|WideOr8 ; yes                    ;
; controller:U_CONTROLLER|enab_flags                 ; controller:U_CONTROLLER|WideOr6 ; yes                    ;
; controller:U_CONTROLLER|enab_pow                   ; controller:U_CONTROLLER|WideOr6 ; yes                    ;
; controller:U_CONTROLLER|enab_ext                   ; controller:U_CONTROLLER|WideOr5 ; yes                    ;
; controller:U_CONTROLLER|enab_int                   ; controller:U_CONTROLLER|WideOr5 ; yes                    ;
; controller:U_CONTROLLER|enab_max                   ; controller:U_CONTROLLER|WideOr5 ; yes                    ;
; controller:U_CONTROLLER|enab_min                   ; controller:U_CONTROLLER|WideOr5 ; yes                    ;
; Number of user-specified and inferred latches = 9  ;                                 ;                        ;
+----------------------------------------------------+---------------------------------+------------------------+
Note: All latches listed above may not be present at the end of synthesis due to various synthesis optimizations.


+----------------------------------------------------------------------------------------+
; Registers Removed During Synthesis                                                     ;
+-----------------------------------------------+----------------------------------------+
; Register name                                 ; Reason for Removal                     ;
+-----------------------------------------------+----------------------------------------+
; controller:U_CONTROLLER|present_state.st_LOAD ; Stuck at GND due to stuck port data_in ;
; Total Number of Removed Registers = 1         ;                                        ;
+-----------------------------------------------+----------------------------------------+


+------------------------------------------------------+
; General Register Statistics                          ;
+----------------------------------------------+-------+
; Statistic                                    ; Value ;
+----------------------------------------------+-------+
; Total registers                              ; 45    ;
; Number of registers using Synchronous Clear  ; 0     ;
; Number of registers using Synchronous Load   ; 7     ;
; Number of registers using Asynchronous Clear ; 45    ;
; Number of registers using Asynchronous Load  ; 0     ;
; Number of registers using Clock Enable       ; 35    ;
; Number of registers using Preset             ; 0     ;
+----------------------------------------------+-------+


+-----------------------------------------------------------------------------------------------------------------------------------------------------------------------+
; Multiplexer Restructuring Statistics (Restructuring Performed)                                                                                                        ;
+--------------------+-----------+---------------+----------------------+------------------------+------------+---------------------------------------------------------+
; Multiplexer Inputs ; Bus Width ; Baseline Area ; Area if Restructured ; Saving if Restructured ; Registered ; Example Multiplexer Output                              ;
+--------------------+-----------+---------------+----------------------+------------------------+------------+---------------------------------------------------------+
; 3:1                ; 2 bits    ; 4 LEs         ; 2 LEs                ; 2 LEs                  ; No         ; |controlador_termico|controller:U_CONTROLLER|next_state ;
+--------------------+-----------+---------------+----------------------+------------------------+------------+---------------------------------------------------------+


+------------------------------------------------------------------------------+
; Parameter Settings for User Entity Instance: datapath:U_DATAPATH|adder:U_ADD ;
+----------------+-------+-----------------------------------------------------+
; Parameter Name ; Value ; Type                                                ;
+----------------+-------+-----------------------------------------------------+
; n              ; 7     ; Signed Integer                                      ;
+----------------+-------+-----------------------------------------------------+
Note: In order to hide this table in the UI and the text report file, please set the "Show Parameter Settings in Synthesis Report" option in "Analysis and Synthesis Settings -> More Settings" to "Off".


+------------------------------------------------------------------------------------+
; Parameter Settings for User Entity Instance: datapath:U_DATAPATH|subtractor:U_SUB1 ;
+----------------+-------+-----------------------------------------------------------+
; Parameter Name ; Value ; Type                                                      ;
+----------------+-------+-----------------------------------------------------------+
; n              ; 9     ; Signed Integer                                            ;
+----------------+-------+-----------------------------------------------------------+
Note: In order to hide this table in the UI and the text report file, please set the "Show Parameter Settings in Synthesis Report" option in "Analysis and Synthesis Settings -> More Settings" to "Off".


+------------------------------------------------------------------------------------+
; Parameter Settings for User Entity Instance: datapath:U_DATAPATH|subtractor:U_SUB2 ;
+----------------+-------+-----------------------------------------------------------+
; Parameter Name ; Value ; Type                                                      ;
+----------------+-------+-----------------------------------------------------------+
; n              ; 9     ; Signed Integer                                            ;
+----------------+-------+-----------------------------------------------------------+
Note: In order to hide this table in the UI and the text report file, please set the "Show Parameter Settings in Synthesis Report" option in "Analysis and Synthesis Settings -> More Settings" to "Off".


+---------------------------------------------------------------------------------------+
; Parameter Settings for User Entity Instance: datapath:U_DATAPATH|subtractor:U_SUB_FIN ;
+----------------+-------+--------------------------------------------------------------+
; Parameter Name ; Value ; Type                                                         ;
+----------------+-------+--------------------------------------------------------------+
; n              ; 9     ; Signed Integer                                               ;
+----------------+-------+--------------------------------------------------------------+
Note: In order to hide this table in the UI and the text report file, please set the "Show Parameter Settings in Synthesis Report" option in "Analysis and Synthesis Settings -> More Settings" to "Off".


+---------------------------------------------------------------------------------------+
; Parameter Settings for User Entity Instance: datapath:U_DATAPATH|subtractor:U_SUB_NEG ;
+----------------+-------+--------------------------------------------------------------+
; Parameter Name ; Value ; Type                                                         ;
+----------------+-------+--------------------------------------------------------------+
; n              ; 9     ; Signed Integer                                               ;
+----------------+-------+--------------------------------------------------------------+
Note: In order to hide this table in the UI and the text report file, please set the "Show Parameter Settings in Synthesis Report" option in "Analysis and Synthesis Settings -> More Settings" to "Off".


+----------------------------------------------------------------------------------------+
; Parameter Settings for User Entity Instance: datapath:U_DATAPATH|shifter:U_FINAL_SHIFT ;
+----------------+-------+---------------------------------------------------------------+
; Parameter Name ; Value ; Type                                                          ;
+----------------+-------+---------------------------------------------------------------+
; n              ; 9     ; Signed Integer                                                ;
; shift_amt      ; 2     ; Signed Integer                                                ;
+----------------+-------+---------------------------------------------------------------+
Note: In order to hide this table in the UI and the text report file, please set the "Show Parameter Settings in Synthesis Report" option in "Analysis and Synthesis Settings -> More Settings" to "Off".


+---------------------------------------------------------------------------+
; Port Connectivity Checks: "datapath:U_DATAPATH|decodificador_7seg:U_HEX1" ;
+-----------+-------+----------+--------------------------------------------+
; Port      ; Type  ; Severity ; Details                                    ;
+-----------+-------+----------+--------------------------------------------+
; nibble[3] ; Input ; Info     ; Stuck at GND                               ;
+-----------+-------+----------+--------------------------------------------+


+----------------------------------------------------------------------------------------------------------------------+
; Port Connectivity Checks: "datapath:U_DATAPATH|shifter:U_FINAL_SHIFT"                                                ;
+------------+--------+----------+-------------------------------------------------------------------------------------+
; Port       ; Type   ; Severity ; Details                                                                             ;
+------------+--------+----------+-------------------------------------------------------------------------------------+
; dout[8..7] ; Output ; Info     ; Connected to dangling logic. Logic that only feeds a dangling port will be removed. ;
+------------+--------+----------+-------------------------------------------------------------------------------------+


+----------------------------------------------------------------------+
; Port Connectivity Checks: "datapath:U_DATAPATH|subtractor:U_SUB_NEG" ;
+------+-------+----------+--------------------------------------------+
; Port ; Type  ; Severity ; Details                                    ;
+------+-------+----------+--------------------------------------------+
; a    ; Input ; Info     ; Stuck at GND                               ;
+------+-------+----------+--------------------------------------------+


+-------------------------------------------------------------------+
; Port Connectivity Checks: "datapath:U_DATAPATH|subtractor:U_SUB2" ;
+---------+-------+----------+--------------------------------------+
; Port    ; Type  ; Severity ; Details                              ;
+---------+-------+----------+--------------------------------------+
; a[8..7] ; Input ; Info     ; Stuck at GND                         ;
; b[8..7] ; Input ; Info     ; Stuck at GND                         ;
+---------+-------+----------+--------------------------------------+


+-------------------------------------------------------------------+
; Port Connectivity Checks: "datapath:U_DATAPATH|subtractor:U_SUB1" ;
+---------+-------+----------+--------------------------------------+
; Port    ; Type  ; Severity ; Details                              ;
+---------+-------+----------+--------------------------------------+
; a[8..7] ; Input ; Info     ; Stuck at GND                         ;
; b[8..7] ; Input ; Info     ; Stuck at GND                         ;
+---------+-------+----------+--------------------------------------+


+----------------------------------------------------------------------------------------------------------------+
; Port Connectivity Checks: "datapath:U_DATAPATH|adder:U_ADD"                                                    ;
+------+--------+----------+-------------------------------------------------------------------------------------+
; Port ; Type   ; Severity ; Details                                                                             ;
+------+--------+----------+-------------------------------------------------------------------------------------+
; y[0] ; Output ; Info     ; Connected to dangling logic. Logic that only feeds a dangling port will be removed. ;
+------+--------+----------+-------------------------------------------------------------------------------------+


+-------------------------------+
; Elapsed Time Per Partition    ;
+----------------+--------------+
; Partition Name ; Elapsed Time ;
+----------------+--------------+
; Top            ; 00:00:00     ;
+----------------+--------------+


+-------------------------------+
; Analysis & Synthesis Messages ;
+-------------------------------+
Info: *******************************************************************
Info: Running Quartus II 32-bit Analysis & Synthesis
    Info: Version 13.0.1 Build 232 06/12/2013 Service Pack 1 SJ Web Edition
    Info: Processing started: Thu Dec 04 17:14:44 2025
Info: Command: quartus_map --read_settings_files=on --write_settings_files=off controlador_termico -c controlador_termico
Warning (20028): Parallel compilation is not licensed and has been disabled
Info (12021): Found 2 design units, including 1 entities, in source file design.vhd
    Info (12022): Found design unit 1: controlador_termico-Structural
    Info (12023): Found entity 1: controlador_termico
Info (12021): Found 2 design units, including 1 entities, in source file comparadorh.vhd
    Info (12022): Found design unit 1: comparadorH_7bits-Dataflow
    Info (12023): Found entity 1: comparadorH_7bits
Info (12021): Found 2 design units, including 1 entities, in source file comparadorc.vhd
    Info (12022): Found design unit 1: comparadorC_7bits-Dataflow
    Info (12023): Found entity 1: comparadorC_7bits
Info (12021): Found 2 design units, including 1 entities, in source file registrador.vhd
    Info (12022): Found design unit 1: registrador-Behavioral
    Info (12023): Found entity 1: registrador
Info (12021): Found 2 design units, including 1 entities, in source file somador.vhd
    Info (12022): Found design unit 1: adder-Behavioral
    Info (12023): Found entity 1: adder
Info (12021): Found 2 design units, including 1 entities, in source file shifter2.vhd
    Info (12022): Found design unit 1: shifter-Behavioral
    Info (12023): Found entity 1: shifter
Info (12021): Found 2 design units, including 1 entities, in source file subtrator.vhd
    Info (12022): Found design unit 1: subtractor-Behavioral
    Info (12023): Found entity 1: subtractor
Info (12021): Found 2 design units, including 1 entities, in source file shifter4.vhd
    Info (12022): Found design unit 1: shifter4-Behavioral
    Info (12023): Found entity 1: shifter4
Info (12021): Found 2 design units, including 1 entities, in source file comparadoralerta.vhd
    Info (12022): Found design unit 1: comparadorAlerta-Dataflow
    Info (12023): Found entity 1: comparadorAlerta
Info (12021): Found 2 design units, including 1 entities, in source file decoder.vhd
    Info (12022): Found design unit 1: decodificador_7seg-Dataflow
    Info (12023): Found entity 1: decodificador_7seg
Info (12021): Found 2 design units, including 1 entities, in source file clock.vhd
    Info (12022): Found design unit 1: clock_divider-Behavioral
    Info (12023): Found entity 1: clock_divider
Info (12021): Found 2 design units, including 1 entities, in source file fsm.vhd
    Info (12022): Found design unit 1: controller-Behavioral
    Info (12023): Found entity 1: controller
Info (12021): Found 2 design units, including 1 entities, in source file datapath.vhd
    Info (12022): Found design unit 1: datapath-Structural
    Info (12023): Found entity 1: datapath
Info (12021): Found 2 design units, including 1 entities, in source file stb-powch.vhd
    Info (12022): Found design unit 1: status_decoder-Dataflow
    Info (12023): Found entity 1: status_decoder
Info (12127): Elaborating entity "controlador_termico" for the top level hierarchy
Info (12128): Elaborating entity "clock_divider" for hierarchy "clock_divider:U_CLK_DIV"
Info (12128): Elaborating entity "controller" for hierarchy "controller:U_CONTROLLER"
Warning (10631): VHDL Process Statement warning at fsm.vhd(115): inferring latch(es) for signal or variable "enab_max", which holds its previous value in one or more paths through the process
Warning (10631): VHDL Process Statement warning at fsm.vhd(115): inferring latch(es) for signal or variable "enab_min", which holds its previous value in one or more paths through the process
Warning (10631): VHDL Process Statement warning at fsm.vhd(115): inferring latch(es) for signal or variable "enab_ext", which holds its previous value in one or more paths through the process
Warning (10631): VHDL Process Statement warning at fsm.vhd(115): inferring latch(es) for signal or variable "enab_int", which holds its previous value in one or more paths through the process
Warning (10631): VHDL Process Statement warning at fsm.vhd(115): inferring latch(es) for signal or variable "enab_pow", which holds its previous value in one or more paths through the process
Warning (10631): VHDL Process Statement warning at fsm.vhd(115): inferring latch(es) for signal or variable "heat_out", which holds its previous value in one or more paths through the process
Warning (10631): VHDL Process Statement warning at fsm.vhd(115): inferring latch(es) for signal or variable "cool_out", which holds its previous value in one or more paths through the process
Warning (10631): VHDL Process Statement warning at fsm.vhd(115): inferring latch(es) for signal or variable "stable_out", which holds its previous value in one or more paths through the process
Warning (10631): VHDL Process Statement warning at fsm.vhd(115): inferring latch(es) for signal or variable "enab_flags", which holds its previous value in one or more paths through the process
Info (10041): Inferred latch for "enab_flags" at fsm.vhd(115)
Info (10041): Inferred latch for "stable_out" at fsm.vhd(115)
Info (10041): Inferred latch for "cool_out" at fsm.vhd(115)
Info (10041): Inferred latch for "heat_out" at fsm.vhd(115)
Info (10041): Inferred latch for "enab_pow" at fsm.vhd(115)
Info (10041): Inferred latch for "enab_int" at fsm.vhd(115)
Info (10041): Inferred latch for "enab_ext" at fsm.vhd(115)
Info (10041): Inferred latch for "enab_min" at fsm.vhd(115)
Info (10041): Inferred latch for "enab_max" at fsm.vhd(115)
Info (12128): Elaborating entity "datapath" for hierarchy "datapath:U_DATAPATH"
Info (12128): Elaborating entity "registrador" for hierarchy "datapath:U_DATAPATH|registrador:R_INT"
Info (12128): Elaborating entity "comparadorH_7bits" for hierarchy "datapath:U_DATAPATH|comparadorH_7bits:COMP_H"
Info (12128): Elaborating entity "comparadorC_7bits" for hierarchy "datapath:U_DATAPATH|comparadorC_7bits:COMP_C"
Info (12128): Elaborating entity "adder" for hierarchy "datapath:U_DATAPATH|adder:U_ADD"
Info (12128): Elaborating entity "subtractor" for hierarchy "datapath:U_DATAPATH|subtractor:U_SUB1"
Info (12128): Elaborating entity "status_decoder" for hierarchy "datapath:U_DATAPATH|status_decoder:U_STATUS_DEC"
Info (12128): Elaborating entity "shifter" for hierarchy "datapath:U_DATAPATH|shifter:U_FINAL_SHIFT"
Info (12128): Elaborating entity "comparadorAlerta" for hierarchy "datapath:U_DATAPATH|comparadorAlerta:U_ALERT"
Info (12128): Elaborating entity "decodificador_7seg" for hierarchy "datapath:U_DATAPATH|decodificador_7seg:U_HEX0"
Info (13025): Duplicate LATCH primitives merged into single LATCH primitive
    Info (13026): Duplicate LATCH primitive "controller:U_CONTROLLER|enab_pow" merged with LATCH primitive "controller:U_CONTROLLER|enab_flags"
    Info (13026): Duplicate LATCH primitive "controller:U_CONTROLLER|enab_int" merged with LATCH primitive "controller:U_CONTROLLER|enab_ext"
    Info (13026): Duplicate LATCH primitive "controller:U_CONTROLLER|enab_min" merged with LATCH primitive "controller:U_CONTROLLER|enab_max"
Warning (13012): Latch controller:U_CONTROLLER|enab_flags has unsafe behavior
    Warning (13013): Ports D and ENA on the latch are fed by the same signal controller:U_CONTROLLER|present_state.st_CALC
Warning (13012): Latch controller:U_CONTROLLER|enab_ext has unsafe behavior
    Warning (13013): Ports D and ENA on the latch are fed by the same signal controller:U_CONTROLLER|present_state.st_RINTEXT
Warning (13012): Latch controller:U_CONTROLLER|enab_max has unsafe behavior
    Warning (13013): Ports D and ENA on the latch are fed by the same signal controller:U_CONTROLLER|present_state.st_RINTEXT
Info (16010): Generating hard_block partition "hard_block:auto_generated_inst"
    Info (16011): Adding 0 node(s), including 0 DDIO, 0 PLL, 0 transceiver and 0 LCELL
Info (21057): Implemented 173 device resources after synthesis - the final resource count might be different
    Info (21058): Implemented 17 input pins
    Info (21059): Implemented 27 output pins
    Info (21061): Implemented 129 logic cells
Info: Quartus II 32-bit Analysis & Synthesis was successful. 0 errors, 16 warnings
    Info: Peak virtual memory: 374 megabytes
    Info: Processing ended: Thu Dec 04 17:14:53 2025
    Info: Elapsed time: 00:00:09
    Info: Total CPU time (on all processors): 00:00:03


